<?xml version="1.0" encoding="UTF-8"?>
<!-- Generated by org.testng.reporters.JUnitXMLReporter -->
<testsuite hostname="Synavoss-MacBook-Pro-5.local" ignored="0" name="Default test" tests="1" failures="1" timestamp="2021-07-08T17:01:55 PKT" time="0.65" errors="0">
  <testcase name="addBook" time="0.515" classname="com.ahmed.rest.restapi.RestService">
    <failure type="java.lang.NoClassDefFoundError" message="net/minidev/json/writer/JsonReaderI">
      <![CDATA[java.lang.NoClassDefFoundError: net/minidev/json/writer/JsonReaderI
at com.jayway.jsonpath.internal.DefaultsImpl.<init>(DefaultsImpl.java:17)
at com.jayway.jsonpath.internal.DefaultsImpl.<clinit>(DefaultsImpl.java:15)
at com.jayway.jsonpath.Configuration.getEffectiveDefaults(Configuration.java:48)
at com.jayway.jsonpath.Configuration.defaultConfiguration(Configuration.java:173)
at com.ahmed.utilities.restassured.RequestProcessingUtilities.modifyJsonWithParameter(RequestProcessingUtilities.java:203)
at com.ahmed.utilities.restassured.RequestProcessingUtilities.addJsonBody(RequestProcessingUtilities.java:180)
at com.ahmed.utilities.restassured.RequestProcessingUtilities.sendRequest(RequestProcessingUtilities.java:60)
at com.ahmed.common.utilities.RestAPIHelper.performRestTransaction(RestAPIHelper.java:50)
at com.ahmed.rest.restapi.RestService.addBook(RestService.java:54)
at sun.reflect.NativeMethodAccessorImpl.invoke0(Native Method)
at sun.reflect.NativeMethodAccessorImpl.invoke(NativeMethodAccessorImpl.java:62)
at sun.reflect.DelegatingMethodAccessorImpl.invoke(DelegatingMethodAccessorImpl.java:43)
at java.lang.reflect.Method.invoke(Method.java:498)
at org.testng.internal.MethodInvocationHelper.invokeMethod(MethodInvocationHelper.java:132)
at org.testng.internal.TestInvoker.invokeMethod(TestInvoker.java:599)
at org.testng.internal.TestInvoker.invokeTestMethod(TestInvoker.java:174)
at org.testng.internal.MethodRunner.runInSequence(MethodRunner.java:46)
at org.testng.internal.TestInvoker$MethodInvocationAgent.invoke(TestInvoker.java:822)
at org.testng.internal.TestInvoker.invokeTestMethods(TestInvoker.java:147)
at org.testng.internal.TestMethodWorker.invokeTestMethods(TestMethodWorker.java:146)
at org.testng.internal.TestMethodWorker.run(TestMethodWorker.java:128)
at java.util.ArrayList.forEach(ArrayList.java:1257)
at org.testng.TestRunner.privateRun(TestRunner.java:764)
at org.testng.TestRunner.run(TestRunner.java:585)
at org.testng.SuiteRunner.runTest(SuiteRunner.java:384)
at org.testng.SuiteRunner.runSequentially(SuiteRunner.java:378)
at org.testng.SuiteRunner.privateRun(SuiteRunner.java:337)
at org.testng.SuiteRunner.run(SuiteRunner.java:286)
at org.testng.SuiteRunnerWorker.runSuite(SuiteRunnerWorker.java:53)
at org.testng.SuiteRunnerWorker.run(SuiteRunnerWorker.java:96)
at org.testng.TestNG.runSuitesSequentially(TestNG.java:1218)
at org.testng.TestNG.runSuitesLocally(TestNG.java:1140)
at org.testng.TestNG.runSuites(TestNG.java:1069)
at org.testng.TestNG.run(TestNG.java:1037)
at org.testng.remote.AbstractRemoteTestNG.run(AbstractRemoteTestNG.java:115)
at org.testng.remote.RemoteTestNG.initAndRun(RemoteTestNG.java:251)
at org.testng.remote.RemoteTestNG.main(RemoteTestNG.java:77)
Caused by: java.lang.ClassNotFoundException: net.minidev.json.writer.JsonReaderI
at java.net.URLClassLoader.findClass(URLClassLoader.java:381)
at java.lang.ClassLoader.loadClass(ClassLoader.java:424)
at sun.misc.Launcher$AppClassLoader.loadClass(Launcher.java:349)
at java.lang.ClassLoader.loadClass(ClassLoader.java:357)
... 37 more
]]>
    </failure>
  </testcase> <!-- addBook -->
</testsuite> <!-- Default test -->
