<?xml version="1.0" encoding="UTF-8"?>
<!-- Generated by org.testng.reporters.JUnitXMLReporter -->
<testsuite hostname="Synavoss-MBP-5.Home" ignored="0" name="Test" tests="1" failures="1" timestamp="2021-03-12T17:23:39 PKT" time="0.05" errors="0">
  <testcase name="verifyCreditTransfer" time="0.008" classname="com.ahmed.ussd.stringbased.ErsUssdStringBased">
    <failure type="java.lang.ClassCastException" message="com.zaxxer.hikari.pool.HikariProxyConnection cannot be cast to java.sql.Statement">
      <![CDATA[java.lang.ClassCastException: com.zaxxer.hikari.pool.HikariProxyConnection cannot be cast to java.sql.Statement
at com.ahmed.common.database.DatabaseQuery.selectQuery(DatabaseQuery.java:46)
at com.ahmed.common.database.DatabaseQuery.getResellerBalance(DatabaseQuery.java:57)
at com.ahmed.ussd.stringbased.ErsUssdStringBased.verifyCreditTransfer(ErsUssdStringBased.java:56)
at java.util.ArrayList.forEach(ArrayList.java:1257)
... Removed 27 stack frames]]>
    </failure>
  </testcase> <!-- verifyCreditTransfer -->
</testsuite> <!-- Test -->
