<?xml version="1.0" encoding="UTF-8"?>
<testng-results skipped="0" failed="1" ignored="0" total="1" passed="0">
  <reporter-output>
  </reporter-output>
  <suite name="Suite" duration-ms="88" started-at="2021-07-08T13:20:53 PKT" finished-at="2021-07-08T13:20:53 PKT">
    <groups>
      <group name="add-book">
        <method signature="RestService.addAccountType(java.util.Map)[pri:1, instance:com.ahmed.rest.restapi.RestService@59474f18]" name="addAccountType" class="com.ahmed.rest.restapi.RestService"/>
      </group> <!-- add-book -->
    </groups>
    <test name="Test" duration-ms="88" started-at="2021-07-08T13:20:53 PKT" finished-at="2021-07-08T13:20:53 PKT">
      <class name="com.ahmed.rest.restapi.RestService">
        <test-method status="PASS" signature="beforeSuite()[pri:0, instance:com.ahmed.rest.restapi.RestService@59474f18]" name="beforeSuite" is-config="true" duration-ms="7" started-at="2021-07-08T13:20:53 PKT" finished-at="2021-07-08T13:20:53 PKT">
          <reporter-output>
          </reporter-output>
        </test-method> <!-- beforeSuite -->
        <test-method status="PASS" signature="beforeMethod()[pri:0, instance:com.ahmed.rest.restapi.RestService@59474f18]" name="beforeMethod" is-config="true" duration-ms="0" started-at="2021-07-08T13:20:53 PKT" finished-at="2021-07-08T13:20:53 PKT">
          <reporter-output>
          </reporter-output>
        </test-method> <!-- beforeMethod -->
        <test-method status="FAIL" signature="addAccountType(java.util.Map)[pri:1, instance:com.ahmed.rest.restapi.RestService@59474f18]" name="addAccountType" duration-ms="9" started-at="2021-07-08T13:20:53 PKT" data-provider="addBook" finished-at="2021-07-08T13:20:53 PKT">
          <params>
            <param index="0">
              <value>
                <![CDATA[{resource=RESTAPI.RESOURCE.ADDBOOK, requestTemplateFileName=addBook.json, requestParameters=<requestParameters><![CDATA[
header|||Content-Type|||application/json
                    jsonBody|||isbn|||foo
                    jsonBody|||aisle|||1992
                    jsonBody|||author|||azen
                    jsonBody|||book_name|||restAssured]]]]><![CDATA[>
</requestParameters>
, responseParameters=<responseParameters><![CDATA[
                    http|||ResponseCode|||201
                    jsonBody|||msg|||Success Book is Added]]]]><![CDATA[>
</responseParameters>
, expectedResult=SUCCESS, scenarioName=adding new book in table, scenarioDesc=adding new book in table}]]>
              </value>
            </param>
          </params>
          <exception class="java.lang.NoClassDefFoundError">
            <message>
              <![CDATA[groovy/lang/GroovyObject]]>
            </message>
            <full-stacktrace>
              <![CDATA[java.lang.NoClassDefFoundError: groovy/lang/GroovyObject
at java.lang.ClassLoader.defineClass1(Native Method)
at java.lang.ClassLoader.defineClass(ClassLoader.java:763)
at java.security.SecureClassLoader.defineClass(SecureClassLoader.java:142)
at java.net.URLClassLoader.defineClass(URLClassLoader.java:467)
at java.net.URLClassLoader.access$100(URLClassLoader.java:73)
at java.net.URLClassLoader$1.run(URLClassLoader.java:368)
at java.net.URLClassLoader$1.run(URLClassLoader.java:362)
at java.security.AccessController.doPrivileged(Native Method)
at java.net.URLClassLoader.findClass(URLClassLoader.java:361)
at java.lang.ClassLoader.loadClass(ClassLoader.java:424)
at sun.misc.Launcher$AppClassLoader.loadClass(Launcher.java:349)
at java.lang.ClassLoader.loadClass(ClassLoader.java:357)
at io.restassured.RestAssured.<clinit>(RestAssured.java:347)
at com.ahmed.common.utilities.RestAPIHelper.performRestTransaction(RestAPIHelper.java:52)
at com.ahmed.rest.restapi.RestService.addAccountType(RestService.java:51)
at sun.reflect.NativeMethodAccessorImpl.invoke0(Native Method)
at sun.reflect.NativeMethodAccessorImpl.invoke(NativeMethodAccessorImpl.java:62)
at sun.reflect.DelegatingMethodAccessorImpl.invoke(DelegatingMethodAccessorImpl.java:43)
at java.lang.reflect.Method.invoke(Method.java:498)
at org.testng.internal.MethodInvocationHelper.invokeMethod(MethodInvocationHelper.java:132)
at org.testng.internal.TestInvoker.invokeMethod(TestInvoker.java:599)
at org.testng.internal.TestInvoker.invokeTestMethod(TestInvoker.java:174)
at org.testng.internal.MethodRunner.runInSequence(MethodRunner.java:46)
at org.testng.internal.TestInvoker$MethodInvocationAgent.invoke(TestInvoker.java:822)
at org.testng.internal.TestInvoker.invokeTestMethods(TestInvoker.java:147)
at org.testng.internal.TestMethodWorker.invokeTestMethods(TestMethodWorker.java:146)
at org.testng.internal.TestMethodWorker.run(TestMethodWorker.java:128)
at java.util.ArrayList.forEach(ArrayList.java:1257)
at org.testng.TestRunner.privateRun(TestRunner.java:764)
at org.testng.TestRunner.run(TestRunner.java:585)
at org.testng.SuiteRunner.runTest(SuiteRunner.java:384)
at org.testng.SuiteRunner.runSequentially(SuiteRunner.java:378)
at org.testng.SuiteRunner.privateRun(SuiteRunner.java:337)
at org.testng.SuiteRunner.run(SuiteRunner.java:286)
at org.testng.SuiteRunnerWorker.runSuite(SuiteRunnerWorker.java:53)
at org.testng.SuiteRunnerWorker.run(SuiteRunnerWorker.java:96)
at org.testng.TestNG.runSuitesSequentially(TestNG.java:1218)
at org.testng.TestNG.runSuitesLocally(TestNG.java:1140)
at org.testng.TestNG.runSuites(TestNG.java:1069)
at org.testng.TestNG.run(TestNG.java:1037)
at org.testng.remote.AbstractRemoteTestNG.run(AbstractRemoteTestNG.java:115)
at org.testng.remote.RemoteTestNG.initAndRun(RemoteTestNG.java:251)
at org.testng.remote.RemoteTestNG.main(RemoteTestNG.java:77)
Caused by: java.lang.ClassNotFoundException: groovy.lang.GroovyObject
at java.net.URLClassLoader.findClass(URLClassLoader.java:381)
at java.lang.ClassLoader.loadClass(ClassLoader.java:424)
at sun.misc.Launcher$AppClassLoader.loadClass(Launcher.java:349)
at java.lang.ClassLoader.loadClass(ClassLoader.java:357)
... 43 more
]]>
            </full-stacktrace>
          </exception> <!-- java.lang.NoClassDefFoundError -->
          <reporter-output>
          </reporter-output>
        </test-method> <!-- addAccountType -->
        <test-method status="PASS" signature="afterSuite()[pri:0, instance:com.ahmed.rest.restapi.RestService@59474f18]" name="afterSuite" is-config="true" duration-ms="1" started-at="2021-07-08T13:20:58 PKT" finished-at="2021-07-08T13:20:58 PKT">
          <reporter-output>
          </reporter-output>
        </test-method> <!-- afterSuite -->
      </class> <!-- com.ahmed.rest.restapi.RestService -->
    </test> <!-- Test -->
  </suite> <!-- Suite -->
</testng-results>
