<?xml version="1.0" encoding="UTF-8"?>
<testng-results skipped="0" failed="0" ignored="0" total="1" passed="1">
  <reporter-output>
  </reporter-output>
  <suite name="Suite" duration-ms="307" started-at="2021-03-15T16:41:50 PKT" finished-at="2021-03-15T16:41:50 PKT">
    <groups>
      <group name="ussd-credit-transfer">
        <method signature="ErsUssdStringBased.verifyCreditTransfer(java.util.HashMap)[pri:0, instance:com.ahmed.ussd.stringbased.ErsUssdStringBased@60015ef5]" name="verifyCreditTransfer" class="com.ahmed.ussd.stringbased.ErsUssdStringBased"/>
      </group> <!-- ussd-credit-transfer -->
    </groups>
    <test name="Test" duration-ms="307" started-at="2021-03-15T16:41:50 PKT" finished-at="2021-03-15T16:41:50 PKT">
      <class name="com.ahmed.ussd.stringbased.ErsUssdStringBased">
        <test-method status="PASS" signature="beforeSuite()[pri:0, instance:com.ahmed.ussd.stringbased.ErsUssdStringBased@60015ef5]" name="beforeSuite" is-config="true" duration-ms="6" started-at="2021-03-15T16:41:50 PKT" finished-at="2021-03-15T16:41:50 PKT">
          <reporter-output>
          </reporter-output>
        </test-method> <!-- beforeSuite -->
        <test-method status="PASS" signature="beforeMethod()[pri:0, instance:com.ahmed.ussd.stringbased.ErsUssdStringBased@60015ef5]" name="beforeMethod" is-config="true" duration-ms="0" started-at="2021-03-15T16:41:50 PKT" finished-at="2021-03-15T16:41:50 PKT">
          <reporter-output>
          </reporter-output>
        </test-method> <!-- beforeMethod -->
        <test-method status="PASS" signature="verifyCreditTransfer(java.util.HashMap)[pri:0, instance:com.ahmed.ussd.stringbased.ErsUssdStringBased@60015ef5]" name="verifyCreditTransfer" duration-ms="260" started-at="2021-03-15T16:41:50 PKT" data-provider="ussdCreditTransfer" finished-at="2021-03-15T16:41:50 PKT">
          <params>
            <param index="0">
              <value>
                <![CDATA[{agentMSISDN=16050000, receiverMSISDN=16070000, transferAmount=500, pin=2016, expectedResult=SUCCESS, scenario=Stock transfer:Valid data, scenarioDesc=Verify that stock transfer is successful and correct message is displayed when valid data is provided}]]>
              </value>
            </param>
          </params>
          <reporter-output>
          </reporter-output>
        </test-method> <!-- verifyCreditTransfer -->
        <test-method status="PASS" signature="tearDownMethod(org.testng.ITestResult)[pri:0, instance:com.ahmed.ussd.stringbased.ErsUssdStringBased@60015ef5]" name="tearDownMethod" is-config="true" duration-ms="1" started-at="2021-03-15T16:41:50 PKT" finished-at="2021-03-15T16:41:50 PKT">
          <params>
            <param index="0">
              <value>
                <![CDATA[[TestResult name=verifyCreditTransfer status=SUCCESS method=ErsUssdStringBased.verifyCreditTransfer(java.util.HashMap)[pri:0, instance:com.ahmed.ussd.stringbased.ErsUssdStringBased@60015ef5] output={null}]]]>
              </value>
            </param>
          </params>
          <reporter-output>
          </reporter-output>
        </test-method> <!-- tearDownMethod -->
        <test-method status="PASS" signature="afterSuite()[pri:0, instance:com.ahmed.ussd.stringbased.ErsUssdStringBased@60015ef5]" name="afterSuite" is-config="true" duration-ms="0" started-at="2021-03-15T16:41:55 PKT" finished-at="2021-03-15T16:41:55 PKT">
          <reporter-output>
          </reporter-output>
        </test-method> <!-- afterSuite -->
      </class> <!-- com.ahmed.ussd.stringbased.ErsUssdStringBased -->
    </test> <!-- Test -->
  </suite> <!-- Suite -->
</testng-results>
