<?xml version="1.0" encoding="UTF-8"?>
<testng-results skipped="0" failed="0" ignored="0" total="1" passed="1">
  <reporter-output>
  </reporter-output>
  <suite name="Suite" duration-ms="2673" started-at="2021-07-12T12:29:50 PKT" finished-at="2021-07-12T12:29:53 PKT">
    <groups>
      <group name="add-book">
        <method signature="RestService.addBook(java.util.Map)[pri:1, instance:com.ahmed.rest.restapi.RestService@7eac9008]" name="addBook" class="com.ahmed.rest.restapi.RestService"/>
      </group> <!-- add-book -->
    </groups>
    <test name="Test" duration-ms="2673" started-at="2021-07-12T12:29:50 PKT" finished-at="2021-07-12T12:29:53 PKT">
      <class name="com.ahmed.rest.restapi.RestService">
        <test-method status="PASS" signature="beforeSuite()[pri:0, instance:com.ahmed.rest.restapi.RestService@7eac9008]" name="beforeSuite" is-config="true" duration-ms="6" started-at="2021-07-12T12:29:50 PKT" finished-at="2021-07-12T12:29:50 PKT">
          <reporter-output>
          </reporter-output>
        </test-method> <!-- beforeSuite -->
        <test-method status="PASS" signature="beforeMethod()[pri:0, instance:com.ahmed.rest.restapi.RestService@7eac9008]" name="beforeMethod" is-config="true" duration-ms="1" started-at="2021-07-12T12:29:50 PKT" finished-at="2021-07-12T12:29:50 PKT">
          <reporter-output>
          </reporter-output>
        </test-method> <!-- beforeMethod -->
        <test-method status="PASS" signature="addBook(java.util.Map)[pri:1, instance:com.ahmed.rest.restapi.RestService@7eac9008]" name="addBook" duration-ms="2584" started-at="2021-07-12T12:29:50 PKT" data-provider="addBook" finished-at="2021-07-12T12:29:53 PKT">
          <params>
            <param index="0">
              <value>
                <![CDATA[{resource=RESTAPI.RESOURCES.ADDBOOK, requestTemplateFileName=addBook.json, requestParameters=<requestParameters><![CDATA[
header|||Content-Type|||application/json
                    jsonBody|||isbn|||foo
                    jsonBody|||aisle|||1992
                    jsonBody|||author|||azen
                    jsonBody|||book_name|||restAssured]]]]><![CDATA[>
</requestParameters>
, responseParameters=<responseParameters><![CDATA[
                    http|||ResponseCode|||201
                    jsonBody|||msg|||Success Book is Added]]]]><![CDATA[>
</responseParameters>
, expectedResult=SUCCESS, scenarioName=adding new book in table, scenarioDesc=adding new book in table}]]>
              </value>
            </param>
          </params>
          <reporter-output>
          </reporter-output>
        </test-method> <!-- addBook -->
        <test-method status="PASS" signature="afterSuite()[pri:0, instance:com.ahmed.rest.restapi.RestService@7eac9008]" name="afterSuite" is-config="true" duration-ms="1" started-at="2021-07-12T12:29:58 PKT" finished-at="2021-07-12T12:29:58 PKT">
          <reporter-output>
          </reporter-output>
        </test-method> <!-- afterSuite -->
      </class> <!-- com.ahmed.rest.restapi.RestService -->
    </test> <!-- Test -->
  </suite> <!-- Suite -->
</testng-results>
