<?xml version="1.0" encoding="UTF-8"?>
<testng-results skipped="0" failed="1" ignored="0" total="1" passed="0">
  <reporter-output>
  </reporter-output>
  <suite name="Suite" duration-ms="50" started-at="2021-03-12T17:23:39 PKT" finished-at="2021-03-12T17:23:39 PKT">
    <groups>
      <group name="ussd-credit-transfer">
        <method signature="ErsUssdStringBased.verifyCreditTransfer(java.util.HashMap)[pri:0, instance:com.ahmed.ussd.stringbased.ErsUssdStringBased@60015ef5]" name="verifyCreditTransfer" class="com.ahmed.ussd.stringbased.ErsUssdStringBased"/>
      </group> <!-- ussd-credit-transfer -->
    </groups>
    <test name="Test" duration-ms="50" started-at="2021-03-12T17:23:39 PKT" finished-at="2021-03-12T17:23:39 PKT">
      <class name="com.ahmed.ussd.stringbased.ErsUssdStringBased">
        <test-method status="PASS" signature="beforeSuite()[pri:0, instance:com.ahmed.ussd.stringbased.ErsUssdStringBased@60015ef5]" name="beforeSuite" is-config="true" duration-ms="6" started-at="2021-03-12T17:23:39 PKT" finished-at="2021-03-12T17:23:39 PKT">
          <reporter-output>
          </reporter-output>
        </test-method> <!-- beforeSuite -->
        <test-method status="PASS" signature="beforeMethod()[pri:0, instance:com.ahmed.ussd.stringbased.ErsUssdStringBased@60015ef5]" name="beforeMethod" is-config="true" duration-ms="1" started-at="2021-03-12T17:23:39 PKT" finished-at="2021-03-12T17:23:39 PKT">
          <reporter-output>
          </reporter-output>
        </test-method> <!-- beforeMethod -->
        <test-method status="FAIL" signature="verifyCreditTransfer(java.util.HashMap)[pri:0, instance:com.ahmed.ussd.stringbased.ErsUssdStringBased@60015ef5]" name="verifyCreditTransfer" duration-ms="8" started-at="2021-03-12T17:23:39 PKT" data-provider="ussdCreditTransfer" finished-at="2021-03-12T17:23:39 PKT">
          <params>
            <param index="0">
              <value>
                <![CDATA[{agentMSISDN=16050000, receiverMSISDN=16070000, transferAmount=500, pin=2016, expectedResult=SUCCESS, scenario=Stock transfer:Valid data, scenarioDesc=Verify that stock transfer is successful and correct message is displayed when valid data is provided}]]>
              </value>
            </param>
          </params>
          <exception class="java.lang.ClassCastException">
            <message>
              <![CDATA[com.zaxxer.hikari.pool.HikariProxyConnection cannot be cast to java.sql.Statement]]>
            </message>
            <full-stacktrace>
              <![CDATA[java.lang.ClassCastException: com.zaxxer.hikari.pool.HikariProxyConnection cannot be cast to java.sql.Statement
at com.ahmed.common.database.DatabaseQuery.selectQuery(DatabaseQuery.java:46)
at com.ahmed.common.database.DatabaseQuery.getResellerBalance(DatabaseQuery.java:57)
at com.ahmed.ussd.stringbased.ErsUssdStringBased.verifyCreditTransfer(ErsUssdStringBased.java:56)
at sun.reflect.NativeMethodAccessorImpl.invoke0(Native Method)
at sun.reflect.NativeMethodAccessorImpl.invoke(NativeMethodAccessorImpl.java:62)
at sun.reflect.DelegatingMethodAccessorImpl.invoke(DelegatingMethodAccessorImpl.java:43)
at java.lang.reflect.Method.invoke(Method.java:498)
at org.testng.internal.MethodInvocationHelper.invokeMethod(MethodInvocationHelper.java:132)
at org.testng.internal.TestInvoker.invokeMethod(TestInvoker.java:599)
at org.testng.internal.TestInvoker.invokeTestMethod(TestInvoker.java:174)
at org.testng.internal.MethodRunner.runInSequence(MethodRunner.java:46)
at org.testng.internal.TestInvoker$MethodInvocationAgent.invoke(TestInvoker.java:822)
at org.testng.internal.TestInvoker.invokeTestMethods(TestInvoker.java:147)
at org.testng.internal.TestMethodWorker.invokeTestMethods(TestMethodWorker.java:146)
at org.testng.internal.TestMethodWorker.run(TestMethodWorker.java:128)
at java.util.ArrayList.forEach(ArrayList.java:1257)
at org.testng.TestRunner.privateRun(TestRunner.java:764)
at org.testng.TestRunner.run(TestRunner.java:585)
at org.testng.SuiteRunner.runTest(SuiteRunner.java:384)
at org.testng.SuiteRunner.runSequentially(SuiteRunner.java:378)
at org.testng.SuiteRunner.privateRun(SuiteRunner.java:337)
at org.testng.SuiteRunner.run(SuiteRunner.java:286)
at org.testng.SuiteRunnerWorker.runSuite(SuiteRunnerWorker.java:53)
at org.testng.SuiteRunnerWorker.run(SuiteRunnerWorker.java:96)
at org.testng.TestNG.runSuitesSequentially(TestNG.java:1218)
at org.testng.TestNG.runSuitesLocally(TestNG.java:1140)
at org.testng.TestNG.runSuites(TestNG.java:1069)
at org.testng.TestNG.run(TestNG.java:1037)
at org.testng.remote.AbstractRemoteTestNG.run(AbstractRemoteTestNG.java:115)
at org.testng.remote.RemoteTestNG.initAndRun(RemoteTestNG.java:251)
at org.testng.remote.RemoteTestNG.main(RemoteTestNG.java:77)
]]>
            </full-stacktrace>
          </exception> <!-- java.lang.ClassCastException -->
          <reporter-output>
          </reporter-output>
        </test-method> <!-- verifyCreditTransfer -->
        <test-method status="PASS" signature="tearDownMethod(org.testng.ITestResult)[pri:0, instance:com.ahmed.ussd.stringbased.ErsUssdStringBased@60015ef5]" name="tearDownMethod" is-config="true" duration-ms="1" started-at="2021-03-12T17:23:39 PKT" finished-at="2021-03-12T17:23:39 PKT">
          <params>
            <param index="0">
              <value>
                <![CDATA[[TestResult name=verifyCreditTransfer status=FAILURE method=ErsUssdStringBased.verifyCreditTransfer(java.util.HashMap)[pri:0, instance:com.ahmed.ussd.stringbased.ErsUssdStringBased@60015ef5] output={null}]]]>
              </value>
            </param>
          </params>
          <reporter-output>
          </reporter-output>
        </test-method> <!-- tearDownMethod -->
        <test-method status="PASS" signature="afterSuite()[pri:0, instance:com.ahmed.ussd.stringbased.ErsUssdStringBased@60015ef5]" name="afterSuite" is-config="true" duration-ms="1" started-at="2021-03-12T17:23:39 PKT" finished-at="2021-03-12T17:23:39 PKT">
          <reporter-output>
          </reporter-output>
        </test-method> <!-- afterSuite -->
      </class> <!-- com.ahmed.ussd.stringbased.ErsUssdStringBased -->
    </test> <!-- Test -->
  </suite> <!-- Suite -->
</testng-results>
